#
# There is insufficient memory for the Java Runtime Environment to continue.
# Native memory allocation (mmap) failed to map 264241152 bytes for G1 virtual space
# Possible reasons:
#   The system is out of physical RAM or swap space
#   The process is running with CompressedOops enabled, and the Java Heap may be blocking the growth of the native heap
# Possible solutions:
#   Reduce memory load on the system
#   Increase physical memory or swap space
#   Check if swap backing store is full
#   Decrease Java heap size (-Xmx/-Xms)
#   Decrease number of Java threads
#   Decrease Java thread stack sizes (-Xss)
#   Set larger code cache with -XX:ReservedCodeCacheSize=
#   JVM is running with Zero Based Compressed Oops mode in which the Java heap is
#     placed in the first 32GB address space. The Java Heap base address is the
#     maximum limit for the native heap growth. Please use -XX:HeapBaseMinAddress
#     to set the Java Heap base and to place the Java Heap above 32GB virtual address.
# This output file may be truncated or incomplete.
#
#  Out of Memory Error (os_windows.cpp:3559), pid=15544, tid=4488
#
# JRE version:  (17.0.7+7) (build )
# Java VM: OpenJDK 64-Bit Server VM (17.0.7+7-LTS, mixed mode, emulated-client, sharing, tiered, compressed oops, compressed class ptrs, g1 gc, windows-amd64)
# No core dump will be written. Minidumps are not enabled by default on client versions of Windows
#

---------------  S U M M A R Y ------------

Command Line: -Dcom.sun.management.jmxremote -Dcom.sun.management.jmxremote.port=50926 -Dcom.sun.management.jmxremote.authenticate=false -Dcom.sun.management.jmxremote.ssl=false -Djava.rmi.server.hostname=localhost -Dspring.jmx.enabled=true -Dmanagement.endpoints.jmx.exposure.include=* -Dspring.application.admin.enabled=true -XX:TieredStopAtLevel=1 -Dspring.boot.project.name=Shopping-Service-Consumer-Circuit-Breaker -Dfile.encoding=UTF-8 -Dstdout.encoding=UTF-8 -Dstderr.encoding=UTF-8 -XX:+ShowCodeDetailsInExceptionMessages com.spring.boot.ShoppingServiceConsumerFeignClientApplication --spring.output.ansi.enabled=always

Host: 12th Gen Intel(R) Core(TM) i5-1245U, 12 cores, 15G,  Windows 11 , 64 bit Build 22621 (10.0.22621.5415)
Time: Fri Oct 17 15:15:34 2025 India Standard Time elapsed time: 0.147854 seconds (0d 0h 0m 0s)

---------------  T H R E A D  ---------------

Current thread (0x0000028e09afc9a0):  JavaThread "Unknown thread" [_thread_in_vm, id=4488, stack(0x000000de58b00000,0x000000de58c00000)]

Stack: [0x000000de58b00000,0x000000de58c00000]
Native frames: (J=compiled Java code, j=interpreted, Vv=VM code, C=native code)
V  [jvm.dll+0x64baea]  public: static bool __cdecl os::platform_print_native_stack(class outputStream * __ptr64,void const * __ptr64,char * __ptr64,int)+0xca
V  [jvm.dll+0x8032d6]  private: static void __cdecl VMError::report(class outputStream * __ptr64,bool)+0xc46
V  [jvm.dll+0x804afe]  public: static void __cdecl VMError::report_and_die(int,char const * __ptr64,char const * __ptr64,char * __ptr64,class Thread * __ptr64,unsigned char * __ptr64,void * __ptr64,void * __ptr64,char const * __ptr64,int,unsigned __int64)+0x79e
V  [jvm.dll+0x805153]  public: static void __cdecl VMError::report_and_die(class Thread * __ptr64,char const * __ptr64,int,unsigned __int64,enum VMErrorType,char const * __ptr64,char * __ptr64)+0x43
V  [jvm.dll+0x236e6b]  void __cdecl report_vm_out_of_memory(char const * __ptr64,int,unsigned __int64,enum VMErrorType,char const * __ptr64,...)+0x7b
V  [jvm.dll+0x6489ea]  private: static void __cdecl os::pd_commit_memory_or_exit(char * __ptr64,unsigned __int64,unsigned __int64,bool,char const * __ptr64)+0xca
V  [jvm.dll+0x63d43a]  public: static void __cdecl os::commit_memory_or_exit(char * __ptr64,unsigned __int64,unsigned __int64,bool,char const * __ptr64)+0x2a
V  [jvm.dll+0x2f5b89]  public: bool __cdecl G1PageBasedVirtualSpace::commit(unsigned __int64,unsigned __int64) __ptr64+0x199
V  [jvm.dll+0x2fcd86]  public: virtual void __cdecl G1RegionsLargerThanCommitSizeMapper::commit_regions(unsigned int,unsigned __int64,class WorkGang * __ptr64) __ptr64+0x96
V  [jvm.dll+0x34944a]  private: unsigned int __cdecl HeapRegionManager::expand_any(unsigned int,class WorkGang * __ptr64) __ptr64+0xda
V  [jvm.dll+0x34968f]  public: unsigned int __cdecl HeapRegionManager::expand_by(unsigned int,class WorkGang * __ptr64) __ptr64+0x7f
V  [jvm.dll+0x2cbf08]  public: bool __cdecl G1CollectedHeap::expand(unsigned __int64,class WorkGang * __ptr64,double * __ptr64) __ptr64+0xb8
V  [jvm.dll+0x2cce99]  public: virtual long __cdecl G1CollectedHeap::initialize(void) __ptr64+0x679
V  [jvm.dll+0x7d3341]  long __cdecl universe_init(void)+0xb1
V  [jvm.dll+0x356921]  long __cdecl init_globals(void)+0x31
V  [jvm.dll+0x7b386e]  public: static long __cdecl Threads::create_vm(struct JavaVMInitArgs * __ptr64,bool * __ptr64)+0x5fe
V  [jvm.dll+0x3d3e63]  JNI_CreateJavaVM_inner+0x83
V  [jvm.dll+0x3d5851]  JNI_CreateJavaVM+0x11
C  [jli.dll+0x51bf]  JavaMain+0x113
C  [ucrtbase.dll+0x29333]
C  [KERNEL32.DLL+0x1259d]
C  [ntdll.dll+0x5af78]


---------------  P R O C E S S  ---------------

Threads class SMR info:
_java_thread_list=0x00007ffb62012918, length=0, elements={
}

Java Threads: ( => current thread )

Other Threads:
  0x0000028e09b74100 GCTaskThread "GC Thread#0" [stack: 0x000000de58c00000,0x000000de58d00000] [id=29044]
  0x0000028e1e677e60 ConcurrentGCThread "G1 Main Marker" [stack: 0x000000de58d00000,0x000000de58e00000] [id=5324]
  0x0000028e1e678910 ConcurrentGCThread "G1 Conc#0" [stack: 0x000000de58e00000,0x000000de58f00000] [id=11960]

[error occurred during error reporting (printing all threads), id 0xc0000005, EXCEPTION_ACCESS_VIOLATION (0xc0000005) at pc=0x00007ffb617fd1a7]

VM state: not at safepoint (not fully initialized)

VM Mutex/Monitor currently owned by a thread:  ([mutex/lock_event])
[0x0000028e09afa800] Heap_lock - owner thread: 0x0000028e09afc9a0

Heap address: 0x0000000704800000, size: 4024 MB, Compressed Oops mode: Zero based, Oop shift amount: 3

CDS archive(s) mapped at: [0x0000000000000000-0x0000000000000000-0x0000000000000000), size 0, SharedBaseAddress: 0x0000000800000000, ArchiveRelocationMode: 0.
Narrow klass base: 0x0000000000000000, Narrow klass shift: 0, Narrow klass range: 0x0

GC Precious Log:
<Empty>

Heap:
 garbage-first heap   total 0K, used 0K [0x0000000704800000, 0x0000000800000000)
  region size 2048K, 0 young (0K), 0 survivors (0K)

[error occurred during error reporting (printing heap information), id 0xc0000005, EXCEPTION_ACCESS_VIOLATION (0xc0000005) at pc=0x00007ffb61bc39c9]

GC Heap History (0 events):
No events

Dll operation events (1 events):
Event: 0.102 Loaded shared library C:\java\JDK\17\bin\java.dll

Deoptimization events (0 events):
No events

Classes unloaded (0 events):
No events

Classes redefined (0 events):
No events

Internal exceptions (0 events):
No events

VM Operations (0 events):
No events

Events (0 events):
No events


Dynamic libraries:
0x00007ff67ada0000 - 0x00007ff67adad000 	C:\java\JDK\17\bin\javaw.exe
0x00007ffbee2b0000 - 0x00007ffbee4c7000 	C:\WINDOWS\SYSTEM32\ntdll.dll
0x00007ffbec570000 - 0x00007ffbec634000 	C:\WINDOWS\System32\KERNEL32.DLL
0x00007ffbebb70000 - 0x00007ffbebf40000 	C:\WINDOWS\System32\KERNELBASE.dll
0x00007ffbeb6e0000 - 0x00007ffbeb7f1000 	C:\WINDOWS\System32\ucrtbase.dll
0x00007ffbdb490000 - 0x00007ffbdb4a5000 	C:\java\JDK\17\bin\VCRUNTIME140.dll
0x00007ffbda330000 - 0x00007ffbda347000 	C:\java\JDK\17\bin\jli.dll
0x00007ffbed500000 - 0x00007ffbed6b1000 	C:\WINDOWS\System32\USER32.dll
0x00007ffbeb3b0000 - 0x00007ffbeb3d6000 	C:\WINDOWS\System32\win32u.dll
0x00007ffbd7d70000 - 0x00007ffbd800c000 	C:\WINDOWS\WinSxS\amd64_microsoft.windows.common-controls_6595b64144ccf1df_6.0.22621.5840_none_2710ea077384a4fe\COMCTL32.dll
0x00007ffbec540000 - 0x00007ffbec569000 	C:\WINDOWS\System32\GDI32.dll
0x00007ffbed450000 - 0x00007ffbed4f7000 	C:\WINDOWS\System32\msvcrt.dll
0x00007ffbeb8a0000 - 0x00007ffbeb9c3000 	C:\WINDOWS\System32\gdi32full.dll
0x00007ffbeb800000 - 0x00007ffbeb89a000 	C:\WINDOWS\System32\msvcp_win.dll
0x00007ffbed3f0000 - 0x00007ffbed421000 	C:\WINDOWS\System32\IMM32.DLL
0x0000028e09950000 - 0x0000028e09966000 	C:\WINDOWS\System32\umppc20008.dll
0x0000028e09990000 - 0x0000028e099a4000 	C:\WINDOWS\System32\CsXumd64_20008.dll
0x00007ffb9c150000 - 0x00007ffb9c1eb000 	C:\java\JDK\17\bin\msvcp140.dll
0x00007ffb61520000 - 0x00007ffb62140000 	C:\java\JDK\17\bin\server\jvm.dll
0x00007ffbed6c0000 - 0x00007ffbed771000 	C:\WINDOWS\System32\ADVAPI32.dll
0x00007ffbed8a0000 - 0x00007ffbed948000 	C:\WINDOWS\System32\sechost.dll
0x00007ffbeb9d0000 - 0x00007ffbeb9f8000 	C:\WINDOWS\System32\bcrypt.dll
0x00007ffbed1f0000 - 0x00007ffbed308000 	C:\WINDOWS\System32\RPCRT4.dll
0x00007ffbbe900000 - 0x00007ffbbe909000 	C:\WINDOWS\SYSTEM32\WSOCK32.dll
0x00007ffbec410000 - 0x00007ffbec481000 	C:\WINDOWS\System32\WS2_32.dll
0x00007ffbdd680000 - 0x00007ffbdd6b4000 	C:\WINDOWS\SYSTEM32\WINMM.dll
0x00007ffbcfae0000 - 0x00007ffbcfaea000 	C:\WINDOWS\SYSTEM32\VERSION.dll
0x00007ffbea2a0000 - 0x00007ffbea2b8000 	C:\WINDOWS\SYSTEM32\kernel.appcore.dll
0x00007ffbdb6b0000 - 0x00007ffbdb6ba000 	C:\java\JDK\17\bin\jimage.dll
0x00007ffbe8ba0000 - 0x00007ffbe8dd3000 	C:\WINDOWS\SYSTEM32\DBGHELP.DLL
0x00007ffbebff0000 - 0x00007ffbec381000 	C:\WINDOWS\System32\combase.dll
0x00007ffbed310000 - 0x00007ffbed3e8000 	C:\WINDOWS\System32\OLEAUT32.dll
0x00007ffbcf8d0000 - 0x00007ffbcf902000 	C:\WINDOWS\SYSTEM32\dbgcore.DLL
0x00007ffbeb660000 - 0x00007ffbeb6db000 	C:\WINDOWS\System32\bcryptPrimitives.dll
0x00007ffbd9810000 - 0x00007ffbd9835000 	C:\java\JDK\17\bin\java.dll

dbghelp: loaded successfully - version: 4.0.5 - missing functions: none
symbol engine: initialized successfully - sym options: 0x614 - pdb path: .;C:\java\JDK\17\bin;C:\WINDOWS\SYSTEM32;C:\WINDOWS\WinSxS\amd64_microsoft.windows.common-controls_6595b64144ccf1df_6.0.22621.5840_none_2710ea077384a4fe;C:\java\JDK\17\bin\server

VM Arguments:
jvm_args: -Dcom.sun.management.jmxremote -Dcom.sun.management.jmxremote.port=50926 -Dcom.sun.management.jmxremote.authenticate=false -Dcom.sun.management.jmxremote.ssl=false -Djava.rmi.server.hostname=localhost -Dspring.jmx.enabled=true -Dmanagement.endpoints.jmx.exposure.include=* -Dspring.application.admin.enabled=true -XX:TieredStopAtLevel=1 -Dspring.boot.project.name=Shopping-Service-Consumer-Circuit-Breaker -Dfile.encoding=UTF-8 -Dstdout.encoding=UTF-8 -Dstderr.encoding=UTF-8 -XX:+ShowCodeDetailsInExceptionMessages 
java_command: com.spring.boot.ShoppingServiceConsumerFeignClientApplication --spring.output.ansi.enabled=always
java_class_path (initial): C:\Users\R6311382\workspace\SpringBoot-Microservice\Shopping-Service-Consumer-Circuit-Breaker\target\classes;C:\Users\R6311382\.m2\repository\org\springframework\boot\spring-boot-starter-web\3.5.6\spring-boot-starter-web-3.5.6.jar;C:\Users\R6311382\.m2\repository\org\springframework\boot\spring-boot-starter\3.5.6\spring-boot-starter-3.5.6.jar;C:\Users\R6311382\.m2\repository\org\springframework\boot\spring-boot\3.5.6\spring-boot-3.5.6.jar;C:\Users\R6311382\.m2\repository\org\springframework\boot\spring-boot-autoconfigure\3.5.6\spring-boot-autoconfigure-3.5.6.jar;C:\Users\R6311382\.m2\repository\org\springframework\boot\spring-boot-starter-logging\3.5.6\spring-boot-starter-logging-3.5.6.jar;C:\Users\R6311382\.m2\repository\ch\qos\logback\logback-classic\1.5.18\logback-classic-1.5.18.jar;C:\Users\R6311382\.m2\repository\ch\qos\logback\logback-core\1.5.18\logback-core-1.5.18.jar;C:\Users\R6311382\.m2\repository\org\apache\logging\log4j\log4j-to-slf4j\2.24.3\log4j-to-slf4j-2.24.3.jar;C:\Users\R6311382\.m2\repository\org\apache\logging\log4j\log4j-api\2.24.3\log4j-api-2.24.3.jar;C:\Users\R6311382\.m2\repository\org\slf4j\jul-to-slf4j\2.0.17\jul-to-slf4j-2.0.17.jar;C:\Users\R6311382\.m2\repository\jakarta\annotation\jakarta.annotation-api\2.1.1\jakarta.annotation-api-2.1.1.jar;C:\Users\R6311382\.m2\repository\org\yaml\snakeyaml\2.4\snakeyaml-2.4.jar;C:\Users\R6311382\.m2\repository\org\springframework\boot\spring-boot-starter-json\3.5.6\spring-boot-starter-json-3.5.6.jar;C:\Users\R6311382\.m2\repository\com\fasterxml\jackson\core\jackson-databind\2.19.2\jackson-databind-2.19.2.jar;C:\Users\R6311382\.m2\repository\com\fasterxml\jackson\datatype\jackson-datatype-jdk8\2.19.2\jackson-datatype-jdk8-2.19.2.jar;C:\Users\R6311382\.m2\repository\com\fasterxml\jackson\datatype\jackson-datatype-jsr310\2.19.2\jackson-datatype-jsr310-2.19.2.jar;C:\Users\R6311382\.m2\repository\com\fasterxml\jackson\module\jackson-module-parameter-names\2.19.2\jackson-modul
Launcher Type: SUN_STANDARD

[Global flags]
      int ActiveProcessorCount                     = -1                                        {product} {default}
    uintx AdaptiveSizeDecrementScaleFactor         = 4                                         {product} {default}
    uintx AdaptiveSizeMajorGCDecayTimeScale        = 10                                        {product} {default}
    uintx AdaptiveSizePolicyCollectionCostMargin   = 50                                        {product} {default}
    uintx AdaptiveSizePolicyInitializingSteps      = 20                                        {product} {default}
    uintx AdaptiveSizePolicyOutputInterval         = 0                                         {product} {default}
    uintx AdaptiveSizePolicyWeight                 = 10                                        {product} {default}
    uintx AdaptiveSizeThroughPutPolicy             = 0                                         {product} {default}
    uintx AdaptiveTimeWeight                       = 25                                        {product} {default}
     bool AggressiveHeap                           = false                                     {product} {default}
     intx AliasLevel                               = 3                                      {C2 product} {default}
     bool AlignVector                              = false                                  {C2 product} {default}
    ccstr AllocateHeapAt                           =                                           {product} {default}
     intx AllocateInstancePrefetchLines            = 1                                         {product} {default}
     intx AllocatePrefetchDistance                 = 256                                       {product} {default}
     intx AllocatePrefetchInstr                    = 3                                         {product} {default}
     intx AllocatePrefetchLines                    = 3                                         {product} {default}
     intx AllocatePrefetchStepSize                 = 64                                        {product} {default}
     intx AllocatePrefetchStyle                    = 1                                         {product} {default}
     bool AllowParallelDefineClass                 = false                                     {product} {default}
     bool AllowRedefinitionToAddDeleteMethods      = false                                     {product} {default}
     bool AllowUserSignalHandlers                  = false                                     {product} {default}
     bool AllowVectorizeOnDemand                   = true                                   {C2 product} {default}
     bool AlwaysActAsServerClassMachine            = false                                     {product} {default}
     bool AlwaysCompileLoopMethods                 = false                                     {product} {default}
     bool AlwaysLockClassLoader                    = false                                     {product} {default}
     bool AlwaysPreTouch                           = false                                     {product} {default}
     bool AlwaysRestoreFPU                         = false                                     {product} {default}
     bool AlwaysTenure                             = false                                     {product} {default}
    ccstr ArchiveClassesAtExit                     =                                           {product} {default}
     intx ArrayCopyLoadStoreMaxElem                = 8                                      {C2 product} {default}
   size_t AsyncLogBufferSize                       = 2097152                                   {product} {default}
     intx AutoBoxCacheMax                          = 128                                    {C2 product} {default}
     intx BCEATraceLevel                           = 0                                         {product} {default}
     bool BackgroundCompilation                    = true                                   {pd product} {default}
   size_t BaseFootPrintEstimate                    = 268435456                                 {product} {default}
     intx BiasedLockingBulkRebiasThreshold         = 20                                        {product} {default}
     intx BiasedLockingBulkRevokeThreshold         = 40                                        {product} {default}
     intx BiasedLockingDecayTime                   = 25000                                     {product} {default}
     intx BiasedLockingStartupDelay                = 0                                         {product} {default}
     bool BlockLayoutByFrequency                   = true                                   {C2 product} {default}
     intx BlockLayoutMinDiamondPercentage          = 20                                     {C2 product} {default}
     bool BlockLayoutRotateLoops                   = true                                   {C2 product} {default}
     intx C1InlineStackLimit                       = 10                                     {C1 product} {default}
     intx C1MaxInlineLevel                         = 9                                      {C1 product} {default}
     intx C1MaxInlineSize                          = 35                                     {C1 product} {default}
     intx C1MaxRecursiveInlineLevel                = 1                                      {C1 product} {default}
     intx C1MaxTrivialSize                         = 6                                      {C1 product} {default}
     bool C1OptimizeVirtualCallProfiling           = true                                   {C1 product} {default}
     bool C1ProfileBranches                        = true                                   {C1 product} {default}
     bool C1ProfileCalls                           = true                                   {C1 product} {default}
     bool C1ProfileCheckcasts                      = true                                   {C1 product} {default}
     bool C1ProfileInlinedCalls                    = true                                   {C1 product} {default}
     bool C1ProfileVirtualCalls                    = true                                   {C1 product} {default}
     bool C1UpdateMethodData                       = true                                   {C1 product} {default}
     intx CICompilerCount                          = 4                                         {product} {ergonomic}
     bool CICompilerCountPerCPU                    = true                                      {product} {default}
     bool CITime                                   = false                                     {product} {default}
     bool CheckJNICalls                            = false                                     {product} {default}
     bool ClassUnloading                           = true                                      {product} {default}
     bool ClassUnloadingWithConcurrentMark         = true                                      {product} {default}
     bool ClipInlining                             = true                                      {product} {default}
    uintx CodeCacheExpansionSize                   = 65536                                  {pd product} {default}
     bool CompactStrings                           = true                                   {pd product} {default}
    ccstr CompilationMode                          = default                                   {product} {default}
ccstrlist CompileCommand                           =                                           {product} {default}
    ccstr CompileCommandFile                       =                                           {product} {default}
ccstrlist CompileOnly                              =                                           {product} {default}
     intx CompileThreshold                         = 10000                                  {pd product} {default}
   double CompileThresholdScaling                  = 1.000000                                  {product} {default}
     intx CompilerThreadPriority                   = -1                                        {product} {default}
     intx CompilerThreadStackSize                  = 0                                      {pd product} {default}
   size_t CompressedClassSpaceSize                 = 1073741824                                {product} {default}
     uint ConcGCThreads                            = 3                                         {product} {ergonomic}
     intx ConditionalMoveLimit                     = 3                                   {C2 pd product} {default}
     intx ContendedPaddingWidth                    = 128                                       {product} {default}
     bool CrashOnOutOfMemoryError                  = false                                     {product} {default}
     bool CreateCoredumpOnCrash                    = true                                      {product} {default}
     bool CriticalJNINatives                       = false                                     {product} {default}
     bool DTraceAllocProbes                        = false                                     {product} {default}
     bool DTraceMethodProbes                       = false                                     {product} {default}
     bool DTraceMonitorProbes                      = false                                     {product} {default}
     bool DisableAttachMechanism                   = false                                     {product} {default}
     bool DisableExplicitGC                        = false                                     {product} {default}
     bool DisplayVMOutputToStderr                  = false                                     {product} {default}
     bool DisplayVMOutputToStdout                  = false                                     {product} {default}
     bool DoEscapeAnalysis                         = true                                   {C2 product} {default}
     bool DoReserveCopyInSuperWord                 = true                                   {C2 product} {default}
     bool DontCompileHugeMethods                   = true                                      {product} {default}
     bool DontYieldALot                            = false                                  {pd product} {default}
    ccstr DumpLoadedClassList                      =                                           {product} {default}
     bool DumpReplayDataOnError                    = true                                      {product} {default}
     bool DumpSharedSpaces                         = false                                     {product} {default}
     bool DumpVitalsAtExit                         = false                                     {product} {default}
     bool DynamicDumpSharedSpaces                  = false                                     {product} {default}
     bool EagerXrunInit                            = false                                     {product} {default}
     intx EliminateAllocationArraySizeLimit        = 64                                     {C2 product} {default}
     bool EliminateAllocations                     = true                                   {C2 product} {default}
     bool EliminateAutoBox                         = true                                   {C2 product} {default}
     bool EliminateLocks                           = true                                   {C2 product} {default}
     bool EliminateNestedLocks                     = true                                   {C2 product} {default}
     bool EnableContended                          = true                                      {product} {default}
     bool EnableDynamicAgentLoading                = true                                      {product} {default}
     bool EnableVitals                             = true                                      {product} {default}
   size_t ErgoHeapSizeLimit                        = 0                                         {product} {default}
    ccstr ErrorFile                                =                                           {product} {default}
     bool ErrorFileToStderr                        = false                                     {product} {default}
     bool ErrorFileToStdout                        = false                                     {product} {default}
 uint64_t ErrorLogTimeout                          = 120                                       {product} {default}
   double EscapeAnalysisTimeout                    = 20.000000                              {C2 product} {default}
     bool EstimateArgEscape                        = true                                      {product} {default}
     bool ExecutingUnitTests                       = false                                     {product} {default}
     bool ExitOnOutOfMemoryError                   = false                                     {product} {default}
     bool ExitVMOnOutOfMemoryError                 = false                                     {product} {default}
     bool ExplicitGCInvokesConcurrent              = false                                     {product} {default}
     bool ExtendedDTraceProbes                     = false                                     {product} {default}
     bool ExtensiveErrorReports                    = true                                      {product} {default}
    ccstr ExtraSharedClassListFile                 =                                           {product} {default}
     bool FilterSpuriousWakeups                    = true                                      {product} {default}
     bool FlightRecorder                           = false                                     {product} {default}
    ccstr FlightRecorderOptions                    =                                           {product} {default}
     bool ForceTimeHighResolution                  = false                                     {product} {default}
     intx FreqInlineSize                           = 325                                 {C2 pd product} {default}
   double G1ConcMarkStepDurationMillis             = 10.000000                                 {product} {default}
    uintx G1ConcRSHotCardLimit                     = 4                                         {product} {default}
   size_t G1ConcRSLogCacheSize                     = 10                                        {product} {default}
   size_t G1ConcRefinementGreenZone                = 0                                         {product} {default}
   size_t G1ConcRefinementRedZone                  = 0                                         {product} {default}
    uintx G1ConcRefinementServiceIntervalMillis    = 300                                       {product} {default}
     uint G1ConcRefinementThreads                  = 10                                        {product} {ergonomic}
   size_t G1ConcRefinementThresholdStep            = 2                                         {product} {default}
   size_t G1ConcRefinementYellowZone               = 0                                         {product} {default}
    uintx G1ConfidencePercent                      = 50                                        {product} {default}
   size_t G1HeapRegionSize                         = 2097152                                   {product} {ergonomic}
    uintx G1HeapWastePercent                       = 5                                         {product} {default}
    uintx G1MixedGCCountTarget                     = 8                                         {product} {default}
    uintx G1PeriodicGCInterval                     = 0                                      {manageable} {default}
     bool G1PeriodicGCInvokesConcurrent            = true                                      {product} {default}
   double G1PeriodicGCSystemLoadThreshold          = 0.000000                               {manageable} {default}
     intx G1RSetRegionEntries                      = 512                                       {product} {default}
     intx G1RSetSparseRegionEntries                = 16                                        {product} {default}
     intx G1RSetUpdatingPauseTimePercent           = 10                                        {product} {default}
     uint G1RefProcDrainInterval                   = 1000                                      {product} {default}
    uintx G1ReservePercent                         = 10                                        {product} {default}
    uintx G1SATBBufferEnqueueingThresholdPercent   = 60                                        {product} {default}
   size_t G1SATBBufferSize                         = 1024                                      {product} {default}
   size_t G1UpdateBufferSize                       = 256                                       {product} {default}
     bool G1UseAdaptiveConcRefinement              = true                                      {product} {default}
     bool G1UseAdaptiveIHOP                        = true                                      {product} {default}
    uintx GCDrainStackTargetSize                   = 64                                        {product} {ergonomic}
    uintx GCHeapFreeLimit                          = 2                                         {product} {default}
    uintx GCLockerEdenExpansionPercent             = 5                                         {product} {default}
    uintx GCPauseIntervalMillis                    = 201                                       {product} {default}
    uintx GCTimeLimit                              = 98                                        {product} {default}
    uintx GCTimeRatio                              = 12                                        {product} {default}
   size_t HeapBaseMinAddress                       = 2147483648                             {pd product} {default}
     bool HeapDumpAfterFullGC                      = false                                  {manageable} {default}
     bool HeapDumpBeforeFullGC                     = false                                  {manageable} {default}
     intx HeapDumpGzipLevel                        = 0                                      {manageable} {default}
     bool HeapDumpOnOutOfMemoryError               = false                                  {manageable} {default}
    ccstr HeapDumpPath                             =                                        {manageable} {default}
    uintx HeapFirstMaximumCompactionCount          = 3                                         {product} {default}
    uintx HeapMaximumCompactionInterval            = 20                                        {product} {default}
    uintx HeapSearchSteps                          = 3                                         {product} {default}
   size_t HeapSizePerGCThread                      = 43620760                                  {product} {default}
     bool IgnoreEmptyClassPaths                    = false                                     {product} {default}
     bool IgnoreUnrecognizedVMOptions              = false                                     {product} {default}
    uintx IncreaseFirstTierCompileThresholdAt      = 50                                        {product} {default}
     bool IncrementalInline                        = true                                   {C2 product} {default}
    uintx InitialCodeCacheSize                     = 2555904                                {pd product} {default}
   size_t InitialHeapSize                          = 264241152                                 {product} {ergonomic}
    uintx InitialRAMFraction                       = 64                                        {product} {default}
   double InitialRAMPercentage                     = 1.562500                                  {product} {default}
    uintx InitialSurvivorRatio                     = 8                                         {product} {default}
    uintx InitialTenuringThreshold                 = 7                                         {product} {default}
    uintx InitiatingHeapOccupancyPercent           = 45                                        {product} {default}
     bool Inline                                   = true                                      {product} {default}
    ccstr InlineDataFile                           =                                           {product} {default}
     intx InlineSmallCode                          = 1000                                {C2 pd product} {default}
     bool InlineSynchronizedMethods                = true                                   {C1 product} {default}
     intx InteriorEntryAlignment                   = 16                                  {C2 pd product} {default}
     intx InterpreterProfilePercentage             = 33                                        {product} {default}
     bool JavaMonitorsInStackTrace                 = true                                      {product} {default}
     intx JavaPriority10_To_OSPriority             = -1                                        {product} {default}
     intx JavaPriority1_To_OSPriority              = -1                                        {product} {default}
     intx JavaPriority2_To_OSPriority              = -1                                        {product} {default}
     intx JavaPriority3_To_OSPriority              = -1                                        {product} {default}
     intx JavaPriority4_To_OSPriority              = -1                                        {product} {default}
     intx JavaPriority5_To_OSPriority              = -1                                        {product} {default}
     intx JavaPriority6_To_OSPriority              = -1                                        {product} {default}
     intx JavaPriority7_To_OSPriority              = -1                                        {product} {default}
     intx JavaPriority8_To_OSPriority              = -1                                        {product} {default}
     intx JavaPriority9_To_OSPriority              = -1                                        {product} {default}
   size_t LargePageHeapSizeThreshold               = 134217728                                 {product} {default}
   size_t LargePageSizeInBytes                     = 0                                         {product} {default}
     intx LiveNodeCountInliningCutoff              = 40000                                  {C2 product} {default}
     intx LoopMaxUnroll                            = 16                                     {C2 product} {default}
     intx LoopOptsCount                            = 43                                     {C2 product} {default}
     intx LoopPercentProfileLimit                  = 10                                  {C2 pd product} {default}
    uintx LoopStripMiningIter                      = 1000                                   {C2 product} {default}
    uintx LoopStripMiningIterShortLoop             = 100                                    {C2 product} {default}
     intx LoopUnrollLimit                          = 60                                  {C2 pd product} {default}
     intx LoopUnrollMin                            = 4                                      {C2 product} {default}
     bool LoopUnswitching                          = true                                   {C2 product} {default}
     bool ManagementServer                         = true                                      {product} {command line}
   size_t MarkStackSize                            = 4194304                                   {product} {ergonomic}
   size_t MarkStackSizeMax                         = 536870912                                 {product} {default}
     uint MarkSweepAlwaysCompactCount              = 4                                         {product} {default}
    uintx MarkSweepDeadRatio                       = 5                                         {product} {default}
     intx MaxBCEAEstimateLevel                     = 5                                         {product} {default}
     intx MaxBCEAEstimateSize                      = 150                                       {product} {default}
 uint64_t MaxDirectMemorySize                      = 0                                         {product} {default}
     bool MaxFDLimit                               = true                                      {product} {default}
    uintx MaxGCMinorPauseMillis                    = 18446744073709551615                      {product} {default}
    uintx MaxGCPauseMillis                         = 200                                       {product} {default}
    uintx MaxHeapFreeRatio                         = 70                                     {manageable} {default}
   size_t MaxHeapSize                              = 4219469824                                {product} {ergonomic}
     intx MaxInlineLevel                           = 15                                     {C2 product} {default}
     intx MaxInlineSize                            = 35                                     {C2 product} {default}
     intx MaxJNILocalCapacity                      = 65536                                     {product} {default}
     intx MaxJavaStackTraceDepth                   = 1024                                      {product} {default}
     intx MaxJumpTableSize                         = 65000                                  {C2 product} {default}
     intx MaxJumpTableSparseness                   = 5                                      {C2 product} {default}
     intx MaxLabelRootDepth                        = 1100                                   {C2 product} {default}
     intx MaxLoopPad                               = 11                                     {C2 product} {default}
   size_t MaxMetaspaceExpansion                    = 5439488                                   {product} {default}
    uintx MaxMetaspaceFreeRatio                    = 70                                        {product} {default}
   size_t MaxMetaspaceSize                         = 18446744073709551615                      {product} {default}
   size_t MaxNewSize                               = 18446744073709551615                      {product} {default}
     intx MaxNodeLimit                             = 80000                                  {C2 product} {default}
 uint64_t MaxRAM                                   = 137438953472                           {pd product} {default}
    uintx MaxRAMFraction                           = 4                                         {product} {default}
   double MaxRAMPercentage                         = 25.000000                                 {product} {default}
     intx MaxRecursiveInlineLevel                  = 1                                      {C2 product} {default}
    uintx MaxTenuringThreshold                     = 15                                        {product} {default}
     intx MaxTrivialSize                           = 6                                      {C2 product} {default}
     intx MaxVectorSize                            = 32                                     {C2 product} {default}
    ccstr MetaspaceReclaimPolicy                   = balanced                                  {product} {default}
   size_t MetaspaceSize                            = 22020096                                  {product} {default}
     bool MethodFlushing                           = true                                      {product} {default}
   size_t MinHeapDeltaBytes                        = 2097152                                   {product} {ergonomic}
    uintx MinHeapFreeRatio                         = 40                                     {manageable} {default}
   size_t MinHeapSize                              = 8388608                                   {product} {ergonomic}
     intx MinInliningThreshold                     = 250                                       {product} {default}
     intx MinJumpTableSize                         = 10                                  {C2 pd product} {default}
   size_t MinMetaspaceExpansion                    = 327680                                    {product} {default}
    uintx MinMetaspaceFreeRatio                    = 40                                        {product} {default}
    uintx MinRAMFraction                           = 2                                         {product} {default}
   double MinRAMPercentage                         = 50.000000                                 {product} {default}
    uintx MinSurvivorRatio                         = 3                                         {product} {default}
   size_t MinTLABSize                              = 2048                                      {product} {default}
     intx MultiArrayExpandLimit                    = 6                                      {C2 product} {default}
    uintx NUMAChunkResizeWeight                    = 20                                        {product} {default}
   size_t NUMAInterleaveGranularity                = 2097152                                   {product} {default}
    uintx NUMAPageScanRate                         = 256                                       {product} {default}
   size_t NUMASpaceResizeRate                      = 1073741824                                {product} {default}
     bool NUMAStats                                = false                                     {product} {default}
    ccstr NativeMemoryTracking                     = off                                       {product} {default}
     bool NeverActAsServerClassMachine             = false                                  {pd product} {default}
     bool NeverTenure                              = false                                     {product} {default}
    uintx NewRatio                                 = 2                                         {product} {default}
   size_t NewSize                                  = 1363144                                   {product} {default}
   size_t NewSizeThreadIncrease                    = 5320                                   {pd product} {default}
     intx NmethodSweepActivity                     = 10                                        {product} {default}
     intx NodeLimitFudgeFactor                     = 2000                                   {C2 product} {default}
    uintx NonNMethodCodeHeapSize                   = 5242880                                {pd product} {default}
    uintx NonProfiledCodeHeapSize                  = 0                                      {pd product} {ergonomic}
     intx NumberOfLoopInstrToAlign                 = 4                                      {C2 product} {default}
     intx ObjectAlignmentInBytes                   = 8                              {product lp64_product} {default}
   size_t OldPLABSize                              = 1024                                      {product} {default}
   size_t OldSize                                  = 5452592                                   {product} {default}
     bool OmitStackTraceInFastThrow                = true                                      {product} {default}
ccstrlist OnError                                  =                                           {product} {default}
ccstrlist OnOutOfMemoryError                       =                                           {product} {default}
     intx OnStackReplacePercentage                 = 140                                    {pd product} {default}
     bool OptimizeFill                             = false                                  {C2 product} {default}
     bool OptimizePtrCompare                       = true                                   {C2 product} {default}
     bool OptimizeStringConcat                     = true                                   {C2 product} {default}
     bool OptoBundling                             = false                               {C2 pd product} {default}
     intx OptoLoopAlignment                        = 16                                     {pd product} {default}
     bool OptoRegScheduling                        = true                                {C2 pd product} {default}
     bool OptoScheduling                           = false                               {C2 pd product} {default}
    uintx PLABWeight                               = 75                                        {product} {default}
     bool PSChunkLargeArrays                       = true                                      {product} {default}
      int ParGCArrayScanChunk                      = 50                                        {product} {default}
    uintx ParallelGCBufferWastePct                 = 10                                        {product} {default}
     uint ParallelGCThreads                        = 10                                        {product} {default}
   size_t ParallelOldDeadWoodLimiterMean           = 50                                        {product} {default}
   size_t ParallelOldDeadWoodLimiterStdDev         = 80                                        {product} {default}
     bool ParallelRefProcBalancingEnabled          = true                                      {product} {default}
     bool ParallelRefProcEnabled                   = true                                      {product} {default}
     bool PartialPeelAtUnsignedTests               = true                                   {C2 product} {default}
     bool PartialPeelLoop                          = true                                   {C2 product} {default}
     intx PartialPeelNewPhiDelta                   = 0                                      {C2 product} {default}
    uintx PausePadding                             = 1                                         {product} {default}
     intx PerBytecodeRecompilationCutoff           = 200                                       {product} {default}
     intx PerBytecodeTrapLimit                     = 4                                         {product} {default}
     intx PerMethodRecompilationCutoff             = 400                                       {product} {default}
     intx PerMethodTrapLimit                       = 100                                       {product} {default}
     bool PerfAllowAtExitRegistration              = false                                     {product} {default}
     bool PerfBypassFileSystemCheck                = false                                     {product} {default}
     intx PerfDataMemorySize                       = 32768                                     {product} {default}
     intx PerfDataSamplingInterval                 = 50                                        {product} {default}
    ccstr PerfDataSaveFile                         =                                           {product} {default}
     bool PerfDataSaveToFile                       = false                                     {product} {default}
     bool PerfDisableSharedMem                     = false                                     {product} {default}
     intx PerfMaxStringConstLength                 = 1024                                      {product} {default}
   size_t PreTouchParallelChunkSize                = 1073741824                             {pd product} {default}
     bool PreferInterpreterNativeStubs             = false                                  {pd product} {default}
     intx PrefetchCopyIntervalInBytes              = 576                                       {product} {default}
     intx PrefetchFieldsAhead                      = 1                                         {product} {default}
     intx PrefetchScanIntervalInBytes              = 576                                       {product} {default}
     bool PreserveAllAnnotations                   = false                                     {product} {default}
     bool PreserveFramePointer                     = false                                  {pd product} {default}
   size_t PretenureSizeThreshold                   = 0                                         {product} {default}
     bool PrintClassHistogram                      = false                                  {manageable} {default}
     bool PrintCodeCache                           = false                                     {product} {default}
     bool PrintCodeCacheOnCompilation              = false                                     {product} {default}
     bool PrintCommandLineFlags                    = false                                     {product} {default}
     bool PrintCompilation                         = false                                     {product} {default}
     bool PrintConcurrentLocks                     = false                                  {manageable} {default}
     bool PrintExtendedThreadInfo                  = true                                      {product} {default}
     bool PrintFlagsFinal                          = false                                     {product} {default}
     bool PrintFlagsInitial                        = false                                     {product} {default}
     bool PrintFlagsRanges                         = false                                     {product} {default}
     bool PrintGC                                  = false                                     {product} {default}
     bool PrintGCDetails                           = false                                     {product} {default}
     bool PrintHeapAtSIGBREAK                      = true                                      {product} {default}
     bool PrintSharedArchiveAndExit                = false                                     {product} {default}
     bool PrintSharedDictionary                    = false                                     {product} {default}
     bool PrintStringTableStatistics               = false                                     {product} {default}
     bool PrintTieredEvents                        = false                                     {product} {default}
     bool PrintVMOptions                           = false                                     {product} {default}
     bool PrintVitalsAtExit                        = false                                     {product} {default}
     bool PrintWarnings                            = true                                      {product} {default}
    uintx ProcessDistributionStride                = 4                                         {product} {default}
     bool ProfileInterpreter                       = false                                  {pd product} {command line}
     intx ProfileMaturityPercentage                = 20                                        {product} {default}
    uintx ProfiledCodeHeapSize                     = 0                                      {pd product} {ergonomic}
    uintx PromotedPadding                          = 3                                         {product} {default}
    uintx QueuedAllocationWarningCount             = 0                                         {product} {default}
      int RTMRetryCount                            = 5                                    {ARCH product} {default}
     bool RangeCheckElimination                    = true                                      {product} {default}
     bool ReassociateInvariants                    = true                                   {C2 product} {default}
     bool RecordDynamicDumpInfo                    = false                                     {product} {default}
     bool ReduceBulkZeroing                        = true                                   {C2 product} {default}
     bool ReduceFieldZeroing                       = true                                   {C2 product} {default}
     bool ReduceInitialCardMarks                   = true                                   {C2 product} {default}
     bool ReduceSignalUsage                        = false                                     {product} {default}
     intx RefDiscoveryPolicy                       = 0                                         {product} {default}
     bool RegisterFinalizersAtInit                 = true                                      {product} {default}
     bool RelaxAccessControlCheck                  = false                                     {product} {default}
    ccstr ReplayDataFile                           =                                           {product} {default}
     bool RequireSharedSpaces                      = false                                     {product} {default}
    uintx ReservedCodeCacheSize                    = 50331648                               {pd product} {default}
     bool ResizePLAB                               = true                                      {product} {default}
     bool ResizeTLAB                               = true                                      {product} {default}
     bool RestoreMXCSROnJNICalls                   = false                                     {product} {default}
     bool RestrictContended                        = true                                      {product} {default}
     bool RestrictReservedStack                    = true                                      {product} {default}
     bool RewriteBytecodes                         = true                                   {pd product} {default}
     bool RewriteFrequentPairs                     = true                                   {pd product} {default}
     bool SafepointTimeout                         = false                                     {product} {default}
     intx SafepointTimeoutDelay                    = 10000                                     {product} {default}
     bool ScavengeBeforeFullGC                     = false                                     {product} {default}
     bool SegmentedCodeCache                       = false                                     {product} {default}
     intx SelfDestructTimer                        = 0                                         {product} {default}
    ccstr SharedArchiveConfigFile                  =                                           {product} {default}
    ccstr SharedArchiveFile                        =                                           {product} {default}
   size_t SharedBaseAddress                        = 34359738368                               {product} {default}
    ccstr SharedClassListFile                      =                                           {product} {default}
    uintx SharedSymbolTableBucketSize              = 4                                         {product} {default}
    ccstr ShenandoahGCHeuristics                   = adaptive                                  {product} {default}
    ccstr ShenandoahGCMode                         = satb                                      {product} {default}
     bool ShowCodeDetailsInExceptionMessages       = true                                   {manageable} {command line}
     bool ShowMessageBoxOnError                    = false                                     {product} {default}
     bool ShrinkHeapInSteps                        = true                                      {product} {default}
   size_t SoftMaxHeapSize                          = 4219469824                             {manageable} {ergonomic}
     intx SoftRefLRUPolicyMSPerMB                  = 1000                                      {product} {default}
     bool SplitIfBlocks                            = true                                   {C2 product} {default}
     intx StackRedPages                            = 1                                      {pd product} {default}
     intx StackReservedPages                       = 0                                      {pd product} {default}
     intx StackShadowPages                         = 7                                      {pd product} {default}
     bool StackTraceInThrowable                    = true                                      {product} {default}
     intx StackYellowPages                         = 3                                      {pd product} {default}
    uintx StartAggressiveSweepingAt                = 10                                        {product} {default}
     bool StartAttachListener                      = false                                     {product} {default}
    ccstr StartFlightRecording                     =                                           {product} {default}
     uint StringDeduplicationAgeThreshold          = 3                                         {product} {default}
    uintx StringTableSize                          = 65536                                     {product} {default}
     bool SuperWordLoopUnrollAnalysis              = true                                {C2 pd product} {default}
     bool SuperWordReductions                      = true                                   {C2 product} {default}
     bool SuppressFatalErrorMessage                = false                                     {product} {default}
    uintx SurvivorPadding                          = 3                                         {product} {default}
    uintx SurvivorRatio                            = 8                                         {product} {default}
   double SweeperThreshold                         = 0.500000                                  {product} {default}
    uintx TLABAllocationWeight                     = 35                                        {product} {default}
    uintx TLABRefillWasteFraction                  = 64                                        {product} {default}
   size_t TLABSize                                 = 0                                         {product} {default}
     bool TLABStats                                = true                                      {product} {default}
    uintx TLABWasteIncrement                       = 4                                         {product} {default}
    uintx TLABWasteTargetPercent                   = 1                                         {product} {default}
    uintx TargetPLABWastePct                       = 10                                        {product} {default}
    uintx TargetSurvivorRatio                      = 50                                        {product} {default}
    uintx TenuredGenerationSizeIncrement           = 20                                        {product} {default}
    uintx TenuredGenerationSizeSupplement          = 80                                        {product} {default}
    uintx TenuredGenerationSizeSupplementDecay     = 2                                         {product} {default}
     intx ThreadPriorityPolicy                     = 0                                         {product} {default}
     bool ThreadPriorityVerbose                    = false                                     {product} {default}
     intx ThreadStackSize                          = 0                                      {pd product} {default}
    uintx ThresholdTolerance                       = 10                                        {product} {default}
     intx Tier0BackedgeNotifyFreqLog               = 10                                        {product} {default}
     intx Tier0InvokeNotifyFreqLog                 = 7                                         {product} {default}
     intx Tier0ProfilingStartPercentage            = 200                                       {product} {default}
     intx Tier23InlineeNotifyFreqLog               = 20                                        {product} {default}
     intx Tier2BackEdgeThreshold                   = 0                                         {product} {default}
     intx Tier2BackedgeNotifyFreqLog               = 14                                        {product} {default}
     intx Tier2CompileThreshold                    = 0                                         {product} {default}
     intx Tier2InvokeNotifyFreqLog                 = 11                                        {product} {default}
     intx Tier3BackEdgeThreshold                   = 60000                                     {product} {default}
     intx Tier3BackedgeNotifyFreqLog               = 13                                        {product} {default}
     intx Tier3CompileThreshold                    = 2000                                      {product} {default}
     intx Tier3DelayOff                            = 2                                         {product} {default}
     intx Tier3DelayOn                             = 5                                         {product} {default}
     intx Tier3InvocationThreshold                 = 200                                       {product} {default}
     intx Tier3InvokeNotifyFreqLog                 = 10                                        {product} {default}
     intx Tier3LoadFeedback                        = 5                                         {product} {default}
     intx Tier3MinInvocationThreshold              = 100                                       {product} {default}
     intx Tier4BackEdgeThreshold                   = 40000                                     {product} {default}
     intx Tier4CompileThreshold                    = 15000                                     {product} {default}
     intx Tier4InvocationThreshold                 = 5000                                      {product} {default}
     intx Tier4LoadFeedback                        = 3                                         {product} {default}
     intx Tier4MinInvocationThreshold              = 600                                       {product} {default}
     bool TieredCompilation                        = true                                   {pd product} {default}
     intx TieredCompileTaskTimeout                 = 50                                        {product} {default}
     intx TieredRateUpdateMaxTime                  = 25                                        {product} {default}
     intx TieredRateUpdateMinTime                  = 1                                         {product} {default}
     intx TieredStopAtLevel                        = 1                                         {product} {command line}
     bool TimeLinearScan                           = false                                  {C1 product} {default}
    ccstr TraceJVMTI                               =                                           {product} {default}
     intx TrackedInitializationLimit               = 50                                     {C2 product} {default}
     bool TrapBasedNullChecks                      = false                                  {pd product} {default}
     bool TrapBasedRangeChecks                     = false                               {C2 pd product} {default}
     intx TypeProfileArgsLimit                     = 2                                         {product} {default}
    uintx TypeProfileLevel                         = 111                                    {pd product} {default}
     intx TypeProfileMajorReceiverPercent          = 90                                     {C2 product} {default}
     intx TypeProfileParmsLimit                    = 2                                         {product} {default}
     intx TypeProfileWidth                         = 2                                         {product} {default}
     intx UnguardOnExecutionViolation              = 0                                         {product} {default}
     bool UseAES                                   = true                                      {product} {default}
     intx UseAVX                                   = 2                                    {ARCH product} {default}
     bool UseAdaptiveGenerationSizePolicyAtMajorCollection  = true                             {product} {default}
     bool UseAdaptiveGenerationSizePolicyAtMinorCollection  = true                             {product} {default}
     bool UseAdaptiveNUMAChunkSizing               = true                                      {product} {default}
     bool UseAdaptiveSizeDecayMajorGCCost          = true                                      {product} {default}
     bool UseAdaptiveSizePolicy                    = true                                      {product} {default}
     bool UseAdaptiveSizePolicyFootprintGoal       = true                                      {product} {default}
     bool UseAdaptiveSizePolicyWithSystemGC        = false                                     {product} {default}
     bool UseAddressNop                            = true                                 {ARCH product} {default}
     bool UseBASE64Intrinsics                      = false                                     {product} {default}
     bool UseBMI1Instructions                      = true                                 {ARCH product} {default}
     bool UseBMI2Instructions                      = true                                 {ARCH product} {default}
     bool UseBiasedLocking                         = false                                     {product} {default}
     bool UseBimorphicInlining                     = true                                   {C2 product} {default}
     bool UseCLMUL                                 = true                                 {ARCH product} {default}
     bool UseCMoveUnconditionally                  = false                                  {C2 product} {default}
     bool UseCodeAging                             = true                                      {product} {default}
     bool UseCodeCacheFlushing                     = true                                      {product} {default}
     bool UseCompiler                              = true                                      {product} {default}
     bool UseCompressedClassPointers               = true                           {product lp64_product} {ergonomic}
     bool UseCompressedOops                        = true                           {product lp64_product} {ergonomic}
     bool UseCondCardMark                          = false                                     {product} {default}
     bool UseCountLeadingZerosInstruction          = true                                 {ARCH product} {default}
     bool UseCountTrailingZerosInstruction         = true                                 {ARCH product} {default}
     bool UseCountedLoopSafepoints                 = true                                   {C2 product} {default}
     bool UseCounterDecay                          = true                                      {product} {default}
     bool UseDivMod                                = true                                   {C2 product} {default}
     bool UseDynamicNumberOfCompilerThreads        = true                                      {product} {default}
     bool UseDynamicNumberOfGCThreads              = true                                      {product} {default}
     bool UseEmptySlotsInSupers                    = true                                      {product} {default}
     bool UseFMA                                   = true                                      {product} {default}
     bool UseFPUForSpilling                        = true                                   {C2 product} {default}
     bool UseFastJNIAccessors                      = true                                      {product} {default}
     bool UseFastStosb                             = false                                {ARCH product} {default}
     bool UseG1GC                                  = true                                      {product} {ergonomic}
     bool UseGCOverheadLimit                       = true                                      {product} {default}
     bool UseHeavyMonitors                         = false                                     {product} {default}
     bool UseInlineCaches                          = true                                      {product} {default}
     bool UseInterpreter                           = true                                      {product} {default}
     bool UseJumpTables                            = true                                   {C2 product} {default}
     bool UseLargePages                            = false                                  {pd product} {default}
     bool UseLargePagesIndividualAllocation        = false                                  {pd product} {ergonomic}
     bool UseLoopCounter                           = true                                      {product} {default}
     bool UseLoopInvariantCodeMotion               = true                                   {C1 product} {default}
     bool UseLoopPredicate                         = true                                   {C2 product} {default}
     bool UseMaximumCompactionOnSystemGC           = true                                      {product} {default}
     bool UseNUMA                                  = false                                     {product} {default}
     bool UseNUMAInterleaving                      = false                                     {product} {default}
     bool UseNewLongLShift                         = false                                {ARCH product} {default}
     bool UseNotificationThread                    = true                                      {product} {default}
     bool UseOSErrorReporting                      = false                                     {product} {default}
     bool UseOnStackReplacement                    = true                                   {pd product} {default}
     bool UseOnlyInlinedBimorphic                  = true                                   {C2 product} {default}
     bool UseOptoBiasInlining                      = false                                  {C2 product} {default}
     bool UsePSAdaptiveSurvivorSizePolicy          = true                                      {product} {default}
     bool UseParallelGC                            = false                                     {product} {default}
     bool UsePerfData                              = true                                      {product} {default}
     bool UsePopCountInstruction                   = true                                      {product} {default}
     bool UseProfiledLoopPredicate                 = true                                   {C2 product} {default}
     bool UseRTMDeopt                              = false                                {ARCH product} {default}
     bool UseRTMLocking                            = false                                {ARCH product} {default}
     bool UseSHA                                   = true                                      {product} {default}
     intx UseSSE                                   = 4                                    {ARCH product} {default}
     bool UseSSE42Intrinsics                       = true                                 {ARCH product} {default}
     bool UseSerialGC                              = false                                     {product} {default}
     bool UseSharedSpaces                          = true                                      {product} {default}
     bool UseShenandoahGC                          = false                                     {product} {default}
     bool UseSignalChaining                        = true                                      {product} {default}
     bool UseStoreImmI16                           = false                                {ARCH product} {default}
     bool UseStringDeduplication                   = false                                     {product} {default}
     bool UseSubwordForMaxVector                   = true                                   {C2 product} {default}
     bool UseSuperWord                             = true                                   {C2 product} {default}
     bool UseTLAB                                  = true                                      {product} {default}
     bool UseThreadPriorities                      = true                                   {pd product} {default}
     bool UseTypeProfile                           = true                                      {product} {default}
     bool UseTypeSpeculation                       = true                                   {C2 product} {default}
     bool UseUnalignedLoadStores                   = true                                 {ARCH product} {default}
     bool UseVectorCmov                            = false                                  {C2 product} {default}
     bool UseXMMForArrayCopy                       = true                                      {product} {default}
     bool UseXMMForObjInit                         = true                                 {ARCH product} {default}
     bool UseXmmI2D                                = false                                {ARCH product} {default}
     bool UseXmmI2F                                = false                                {ARCH product} {default}
     bool UseXmmLoadAndClearUpper                  = true                                 {ARCH product} {default}
     bool UseXmmRegToRegMoveAll                    = true                                 {ARCH product} {default}
     bool UseZGC                                   = false                                     {product} {default}
     intx VMThreadPriority                         = -1                                        {product} {default}
     intx VMThreadStackSize                        = 0                                      {pd product} {default}
     intx ValueMapInitialSize                      = 11                                     {C1 product} {default}
     intx ValueMapMaxLoopSize                      = 8                                      {C1 product} {default}
     intx ValueSearchLimit                         = 1000                                   {C2 product} {default}
     bool VerifySharedSpaces                       = false                                     {product} {default}
    ccstr VitalsFile                               =                                           {product} {default}
    uintx VitalsSampleInterval                     = 10                                        {product} {default}
    uintx YoungGenerationSizeIncrement             = 20                                        {product} {default}
    uintx YoungGenerationSizeSupplement            = 80                                        {product} {default}
    uintx YoungGenerationSizeSupplementDecay       = 8                                         {product} {default}
   size_t YoungPLABSize                            = 4096                                      {product} {default}
   double ZAllocationSpikeTolerance                = 2.000000                                  {product} {default}
   double ZCollectionInterval                      = 0.000000                                  {product} {default}
   double ZFragmentationLimit                      = 25.000000                                 {product} {default}
   size_t ZMarkStackSpaceLimit                     = 8589934592                                {product} {default}
     bool ZProactive                               = true                                      {product} {default}
     bool ZUncommit                                = true                                      {product} {default}
    uintx ZUncommitDelay                           = 300                                       {product} {default}
     bool ZeroTLAB                                 = false                                     {product} {default}

Logging:
Log output configuration:
 #0: stdout all=warning uptime,level,tags
 #1: stderr all=off uptime,level,tags

Environment Variables:
JAVA_HOME=C:\java\JDK\17
CLASSPATH=C:\java\JDK\17
PATH=C:/Users/R6311382/Downloads/eclipse-jee-2024-06-R-win32-x86_64/eclipse//plugins/org.eclipse.justj.openjdk.hotspot.jre.full.win32.x86_64_21.0.6.v20250130-0529/jre/bin/server;C:/Users/R6311382/Downloads/eclipse-jee-2024-06-R-win32-x86_64/eclipse//plugins/org.eclipse.justj.openjdk.hotspot.jre.full.win32.x86_64_21.0.6.v20250130-0529/jre/bin;C:\Python312\Scripts\;C:\Python312\;C:\java\JDK\17\bin;C:\maven\apache-maven-3.9.2\bin;C:\WINDOWS\system32;C:\WINDOWS;C:\WINDOWS\System32\Wbem;C:\WINDOWS\System32\WindowsPowerShell\v1.0\;C:\WINDOWS\System32\OpenSSH\;C:\Program Files\1E\Client\Extensibility\NomadBranch;C:\Program Files\Microsoft SQL Server\110\DTS\Binn\;C:\Program Files (x86)\Microsoft SQL Server\110\Tools\Binn\;C:\Program Files\Microsoft SQL Server\110\Tools\Binn\;C:\Program Files (x86)\Microsoft SQL Server\110\Tools\Binn\ManagementStudio\;C:\Program Files (x86)\Microsoft Visual Studio 10.0\Common7\IDE\PrivateAssemblies\;C:\Program Files (x86)\Microsoft SQL Server\110\DTS\Binn\;C:\Program Files\TortoiseGit\bin;C:\ProgramData\chocolatey\bin;C:\Program Files\nodejs\node_modules\npm;C:\Program Files\nodejs;C:\Program Files\nodejs\;C:\Users\R6311382\AppData\Roaming\nvm;C:\Program Files\nodejs;C:\Users\R6311382\Microsoft VS Code\bin;C:\Users\R6311382\AppData\Local\Microsoft\WindowsApps;C:\Users\R6311382\AppData\Local\Programs\Git\cmd;C:\Users\R6311382\AppData\Local\GitHubDesktop\bin;C:\Users\R6311382\AppData\Roaming\npm;C:\Users\R6311382\AppData\Local\Programs\Microsoft VS Code\bin;C:\maven\apache-maven-3.9.11\bin;;C:\Users\R6311382\Downloads\eclipse-jee-2024-06-R-win32-x86_64\eclipse;
USERNAME=R6311382
OS=Windows_NT
PROCESSOR_IDENTIFIER=Intel64 Family 6 Model 154 Stepping 4, GenuineIntel
TMP=C:\Users\R6311382\AppData\Local\Temp
TEMP=C:\Users\R6311382\AppData\Local\Temp


Vitals:
 (unavailable)

---------------  S Y S T E M  ---------------

OS:
 Windows 11 , 64 bit Build 22621 (10.0.22621.5415)
OS uptime: 6 days 21:03 hours

CPU: total 12 (initial active 12) (12 cores per cpu, 1 threads per core) family 6 model 154 stepping 4 microcode 0x437, cx8, cmov, fxsr, mmx, 3dnowpref, sse, sse2, sse3, ssse3, sse4.1, sse4.2, popcnt, lzcnt, tsc, tscinvbit, avx, avx2, aes, erms, clmul, bmi1, bmi2, adx, sha, fma, vzeroupper, clflush, clflushopt, clwb

Memory: 4k page, system-wide physical 16089M (678M free)
TotalPageFile size 46436M (AvailPageFile size 15M)
current process WorkingSet (physical memory assigned to process): 27M, peak: 27M
current process commit charge ("private bytes"): 74M, peak: 312M

vm_info: OpenJDK 64-Bit Server VM (17.0.7+7-LTS) for windows-amd64 JRE (17.0.7+7-LTS), built on Apr 19 2023 08:16:53 by "jenkins" with MS VC++ 15.9 (VS2017)

END.
